======================================================================
Tether_Grace  —  Video Presentation Generator
======================================================================
  [S0] Title card...
  [S1] Problem statement...
  [S2] Architecture card...
  [s03_fault_t8] loading CSV...
  [s03_fault_t8] extracting sim frames at 30fps...
  [s03_fault_t8] sim frames: 875, duration: 29.2s
  [s03_fault_t8] generating 875 plot frames...
      frame 0/875...
      frame 60/875...
      frame 120/875...
      frame 180/875...
      frame 240/875...
      frame 300/875...
      frame 360/875...
      frame 420/875...
      frame 480/875...
      frame 540/875...
      frame 600/875...
      frame 660/875...
      frame 720/875...
      frame 780/875...
      frame 840/875...
  [s03_fault_t8] encoding sim+plot streams...
  [s03_fault_t8] adding sim-panel text overlay...
  [s03_fault_t8] hstack compositing via ffmpeg...
  [s04_fault_t12] loading CSV...
  [s04_fault_t12] extracting sim frames at 30fps...
  [s04_fault_t12] sim frames: 1023, duration: 34.1s
  [s04_fault_t12] generating 1023 plot frames...
      frame 0/1023...
      frame 60/1023...
      frame 120/1023...
      frame 180/1023...
      frame 240/1023...
      frame 300/1023...
      frame 360/1023...
      frame 420/1023...
      frame 480/1023...
      frame 540/1023...
      frame 600/1023...
      frame 660/1023...
      frame 720/1023...
      frame 780/1023...
      frame 840/1023...
      frame 900/1023...
      frame 960/1023...
      frame 1020/1023...
  [s04_fault_t12] encoding sim+plot streams...
  [s04_fault_t12] adding sim-panel text overlay...
  [s04_fault_t12] hstack compositing via ffmpeg...
  [s05_fault_t16] loading CSV...
  [s05_fault_t16] extracting sim frames at 30fps...
  [s05_fault_t16] sim frames: 969, duration: 32.3s
  [s05_fault_t16] generating 969 plot frames...
      frame 0/969...
      frame 60/969...
      frame 120/969...
      frame 180/969...
      frame 240/969...
      frame 300/969...
      frame 360/969...
      frame 420/969...
      frame 480/969...
      frame 540/969...
      frame 600/969...
      frame 660/969...
      frame 720/969...
      frame 780/969...
      frame 840/969...
      frame 900/969...
      frame 960/969...
  [s05_fault_t16] encoding sim+plot streams...
  [s05_fault_t16] adding sim-panel text overlay...
  [s05_fault_t16] hstack compositing via ffmpeg...
  [FT summary] Fault-time sweep summary...
  [Ablation] Feed-forward ablation evidence...
  [s06_l1_g2000] loading CSV...
  [s06_l1_g2000] extracting sim frames at 30fps...
  [s06_l1_g2000] sim frames: 731, duration: 24.4s
  [s06_l1_g2000] generating 731 plot frames...
      frame 0/731...
      frame 60/731...
      frame 120/731...
      frame 180/731...
      frame 240/731...
      frame 300/731...
      frame 360/731...
      frame 420/731...
      frame 480/731...
      frame 540/731...
      frame 600/731...
      frame 660/731...
      frame 720/731...
  [s06_l1_g2000] encoding sim+plot streams...
  [s06_l1_g2000] adding sim-panel text overlay...
  [s06_l1_g2000] hstack compositing via ffmpeg...
  [s07_l1_g30000] loading CSV...
  [s07_l1_g30000] extracting sim frames at 30fps...
  [s07_l1_g30000] sim frames: 685, duration: 22.8s
  [s07_l1_g30000] generating 685 plot frames...
      frame 0/685...
      frame 60/685...
      frame 120/685...
      frame 180/685...
      frame 240/685...
      frame 300/685...
      frame 360/685...
      frame 420/685...
      frame 480/685...
      frame 540/685...
      frame 600/685...
      frame 660/685...
  [s07_l1_g30000] encoding sim+plot streams...
  [s07_l1_g30000] adding sim-panel text overlay...
  [s07_l1_g30000] hstack compositing via ffmpeg...
  [s08_l1_g50000] loading CSV...
  [s08_l1_g50000] extracting sim frames at 30fps...
  [s08_l1_g50000] sim frames: 767, duration: 25.6s
  [s08_l1_g50000] generating 767 plot frames...
      frame 0/767...
      frame 60/767...
      frame 120/767...
      frame 180/767...
      frame 240/767...
      frame 300/767...
      frame 360/767...
      frame 420/767...
      frame 480/767...
      frame 540/767...
      frame 600/767...
      frame 660/767...
      frame 720/767...
  [s08_l1_g50000] encoding sim+plot streams...
  [s08_l1_g50000] adding sim-panel text overlay...
  [s08_l1_g50000] hstack compositing via ffmpeg...
  [L1 summary] L1 gain sweep summary...
  [Conclusion] Conclusion card...

Concatenating 18 segments → /workspaces/Tether_Grace/output/presentation.mp4

======================================================================
  presentation.mp4 ready: 342.3 s  (5.7 min)
  Path: /workspaces/Tether_Grace/output/presentation.mp4
======================================================================
